  [1m[35m (0.1ms)[0m  [1m[34mSELECT sqlite_version(*)[0m
  ↳ bin/rails:9
  [1m[35m (6.0ms)[0m  [1m[35mCREATE TABLE "schema_migrations" ("version" varchar NOT NULL PRIMARY KEY)[0m
  ↳ bin/rails:9
  [1m[35m (4.1ms)[0m  [1m[35mCREATE TABLE "ar_internal_metadata" ("key" varchar NOT NULL PRIMARY KEY, "value" varchar, "created_at" datetime NOT NULL, "updated_at" datetime NOT NULL)[0m
  ↳ bin/rails:9
  [1m[35m (0.1ms)[0m  [1m[34mSELECT "schema_migrations"."version" FROM "schema_migrations" ORDER BY "schema_migrations"."version" ASC[0m
  ↳ bin/rails:9
Migrating to CreateCars (20191228014431)
  [1m[35m (0.0ms)[0m  [1m[36mbegin transaction[0m
  ↳ bin/rails:9
  [1m[35m (0.4ms)[0m  [1m[35mCREATE TABLE "cars" ("id" integer PRIMARY KEY AUTOINCREMENT NOT NULL, "make" varchar, "model" varchar, "year" integer, "created_at" datetime NOT NULL, "updated_at" datetime NOT NULL)[0m
  ↳ db/migrate/20191228014431_create_cars.rb:3
  [1m[36mActiveRecord::SchemaMigration Create (0.1ms)[0m  [1m[32mINSERT INTO "schema_migrations" ("version") VALUES (?)[0m  [["version", "20191228014431"]]
  ↳ bin/rails:9
  [1m[35m (4.8ms)[0m  [1m[36mcommit transaction[0m
  ↳ bin/rails:9
  [1m[36mActiveRecord::InternalMetadata Load (0.2ms)[0m  [1m[34mSELECT  "ar_internal_metadata".* FROM "ar_internal_metadata" WHERE "ar_internal_metadata"."key" = ? LIMIT ?[0m  [["key", "environment"], ["LIMIT", 1]]
  ↳ bin/rails:9
  [1m[35m (0.0ms)[0m  [1m[36mbegin transaction[0m
  ↳ bin/rails:9
  [1m[36mActiveRecord::InternalMetadata Create (0.5ms)[0m  [1m[32mINSERT INTO "ar_internal_metadata" ("key", "value", "created_at", "updated_at") VALUES (?, ?, ?, ?)[0m  [["key", "environment"], ["value", "development"], ["created_at", "2019-12-28 01:46:31.842911"], ["updated_at", "2019-12-28 01:46:31.842911"]]
  ↳ bin/rails:9
  [1m[35m (6.4ms)[0m  [1m[36mcommit transaction[0m
  ↳ bin/rails:9
  [1m[35m (0.1ms)[0m  [1m[34mSELECT "schema_migrations"."version" FROM "schema_migrations" ORDER BY "schema_migrations"."version" ASC[0m
  ↳ bin/rails:9
Started GET "/cars" for 127.0.0.1 at 2019-12-27 17:49:41 -0800
  [1m[35m (0.1ms)[0m  [1m[34mSELECT "schema_migrations"."version" FROM "schema_migrations" ORDER BY "schema_migrations"."version" ASC[0m
  ↳ /home/mjerez/.rbenv/versions/2.6.5/lib/ruby/gems/2.6.0/gems/activerecord-5.2.4.1/lib/active_record/log_subscriber.rb:98
Processing by CarsController#index as HTML
  Rendering cars/index.html.erb within layouts/application
  [1m[36mCar Load (0.1ms)[0m  [1m[34mSELECT "cars".* FROM "cars"[0m
  ↳ app/views/cars/index.html.erb:16
  Rendered cars/index.html.erb within layouts/application (3.4ms)
Completed 200 OK in 1390ms (Views: 1382.1ms | ActiveRecord: 0.4ms)


Started GET "/cars/new" for 127.0.0.1 at 2019-12-27 17:49:45 -0800
Processing by CarsController#new as HTML
  Rendering cars/new.html.erb within layouts/application
  Rendered cars/_form.html.erb (21.9ms)
  Rendered cars/new.html.erb within layouts/application (23.3ms)
Completed 200 OK in 54ms (Views: 45.1ms | ActiveRecord: 0.4ms)


Started POST "/cars" for 127.0.0.1 at 2019-12-27 17:49:54 -0800
Processing by CarsController#create as HTML
  Parameters: {"utf8"=>"✓", "authenticity_token"=>"QImiGOroZ6Ftdw7RCClDyuy5r9+3VrXfr3s128lzQTcYU011poxSVkSbv8l0M2CVKc9VmAHETRMH5tLT4vbGDg==", "car"=>{"make"=>"Renault", "model"=>"19", "year"=>"1997"}, "commit"=>"Create Car"}
  [1m[35m (0.1ms)[0m  [1m[36mbegin transaction[0m
  ↳ app/controllers/cars_controller.rb:30
  [1m[36mCar Create (0.9ms)[0m  [1m[32mINSERT INTO "cars" ("make", "model", "year", "created_at", "updated_at") VALUES (?, ?, ?, ?, ?)[0m  [["make", "Renault"], ["model", "19"], ["year", 1997], ["created_at", "2019-12-28 01:49:54.889289"], ["updated_at", "2019-12-28 01:49:54.889289"]]
  ↳ app/controllers/cars_controller.rb:30
  [1m[35m (7.0ms)[0m  [1m[36mcommit transaction[0m
  ↳ app/controllers/cars_controller.rb:30
Redirected to http://localhost:3000/cars/1
Completed 302 Found in 13ms (ActiveRecord: 8.0ms)


Started GET "/cars/1" for 127.0.0.1 at 2019-12-27 17:49:54 -0800
Processing by CarsController#show as HTML
  Parameters: {"id"=>"1"}
  [1m[36mCar Load (0.2ms)[0m  [1m[34mSELECT  "cars".* FROM "cars" WHERE "cars"."id" = ? LIMIT ?[0m  [["id", 1], ["LIMIT", 1]]
  ↳ app/controllers/cars_controller.rb:67
  Rendering cars/show.html.erb within layouts/application
  Rendered cars/show.html.erb within layouts/application (4.1ms)
Completed 200 OK in 51ms (Views: 34.5ms | ActiveRecord: 0.2ms)


Started GET "/cars" for 127.0.0.1 at 2019-12-27 17:49:57 -0800
Processing by CarsController#index as HTML
  Rendering cars/index.html.erb within layouts/application
  [1m[36mCar Load (0.2ms)[0m  [1m[34mSELECT "cars".* FROM "cars"[0m
  ↳ app/views/cars/index.html.erb:16
  Rendered cars/index.html.erb within layouts/application (4.0ms)
Completed 200 OK in 56ms (Views: 54.1ms | ActiveRecord: 0.2ms)


Started GET "/cars/new" for 127.0.0.1 at 2019-12-27 17:49:59 -0800
Processing by CarsController#new as HTML
  Rendering cars/new.html.erb within layouts/application
  Rendered cars/_form.html.erb (2.3ms)
  Rendered cars/new.html.erb within layouts/application (3.2ms)
Completed 200 OK in 20ms (Views: 18.8ms | ActiveRecord: 0.0ms)


Started POST "/cars" for 127.0.0.1 at 2019-12-27 17:50:06 -0800
Processing by CarsController#create as HTML
  Parameters: {"utf8"=>"✓", "authenticity_token"=>"RIO2B45FHL/p3I7c/vjhpW+xs3R4nDnTXVqCo/ZAosEcWVlqwiEpSMAwP8SC4sL6qsdJM84OwR/1x2Wr3cUl+A==", "car"=>{"make"=>"Hyundai", "model"=>"Venue", "year"=>"2020"}, "commit"=>"Create Car"}
  [1m[35m (0.1ms)[0m  [1m[36mbegin transaction[0m
  ↳ app/controllers/cars_controller.rb:30
  [1m[36mCar Create (0.3ms)[0m  [1m[32mINSERT INTO "cars" ("make", "model", "year", "created_at", "updated_at") VALUES (?, ?, ?, ?, ?)[0m  [["make", "Hyundai"], ["model", "Venue"], ["year", 2020], ["created_at", "2019-12-28 01:50:06.892821"], ["updated_at", "2019-12-28 01:50:06.892821"]]
  ↳ app/controllers/cars_controller.rb:30
  [1m[35m (3.1ms)[0m  [1m[36mcommit transaction[0m
  ↳ app/controllers/cars_controller.rb:30
Redirected to http://localhost:3000/cars/2
Completed 302 Found in 8ms (ActiveRecord: 3.4ms)


Started GET "/cars/2" for 127.0.0.1 at 2019-12-27 17:50:06 -0800
Processing by CarsController#show as HTML
  Parameters: {"id"=>"2"}
  [1m[36mCar Load (0.1ms)[0m  [1m[34mSELECT  "cars".* FROM "cars" WHERE "cars"."id" = ? LIMIT ?[0m  [["id", 2], ["LIMIT", 1]]
  ↳ app/controllers/cars_controller.rb:67
  Rendering cars/show.html.erb within layouts/application
  Rendered cars/show.html.erb within layouts/application (0.7ms)
Completed 200 OK in 25ms (Views: 23.4ms | ActiveRecord: 0.1ms)


Started GET "/cars" for 127.0.0.1 at 2019-12-27 17:50:09 -0800
Processing by CarsController#index as HTML
  Rendering cars/index.html.erb within layouts/application
  [1m[36mCar Load (0.1ms)[0m  [1m[34mSELECT "cars".* FROM "cars"[0m
  ↳ app/views/cars/index.html.erb:16
  Rendered cars/index.html.erb within layouts/application (1.9ms)
Completed 200 OK in 20ms (Views: 18.8ms | ActiveRecord: 0.1ms)


Started GET "/cars/1" for 127.0.0.1 at 2019-12-27 17:50:12 -0800
Processing by CarsController#show as HTML
  Parameters: {"id"=>"1"}
  [1m[36mCar Load (0.1ms)[0m  [1m[34mSELECT  "cars".* FROM "cars" WHERE "cars"."id" = ? LIMIT ?[0m  [["id", 1], ["LIMIT", 1]]
  ↳ app/controllers/cars_controller.rb:67
  Rendering cars/show.html.erb within layouts/application
  Rendered cars/show.html.erb within layouts/application (0.7ms)
Completed 200 OK in 21ms (Views: 19.8ms | ActiveRecord: 0.1ms)


Started GET "/cars" for 127.0.0.1 at 2019-12-27 17:50:13 -0800
Processing by CarsController#index as HTML
  Rendering cars/index.html.erb within layouts/application
  [1m[36mCar Load (0.1ms)[0m  [1m[34mSELECT "cars".* FROM "cars"[0m
  ↳ app/views/cars/index.html.erb:16
  Rendered cars/index.html.erb within layouts/application (2.1ms)
Completed 200 OK in 37ms (Views: 34.4ms | ActiveRecord: 0.1ms)


Started GET "/cars/1/edit" for 127.0.0.1 at 2019-12-27 17:50:14 -0800
Processing by CarsController#edit as HTML
  Parameters: {"id"=>"1"}
  [1m[36mCar Load (0.1ms)[0m  [1m[34mSELECT  "cars".* FROM "cars" WHERE "cars"."id" = ? LIMIT ?[0m  [["id", 1], ["LIMIT", 1]]
  ↳ app/controllers/cars_controller.rb:67
  Rendering cars/edit.html.erb within layouts/application
  Rendered cars/_form.html.erb (6.0ms)
  Rendered cars/edit.html.erb within layouts/application (8.6ms)
Completed 200 OK in 44ms (Views: 42.6ms | ActiveRecord: 0.1ms)


Started GET "/cars" for 127.0.0.1 at 2019-12-27 17:50:15 -0800
Processing by CarsController#index as HTML
  Rendering cars/index.html.erb within layouts/application
  [1m[36mCar Load (0.1ms)[0m  [1m[34mSELECT "cars".* FROM "cars"[0m
  ↳ app/views/cars/index.html.erb:16
  Rendered cars/index.html.erb within layouts/application (1.7ms)
Completed 200 OK in 40ms (Views: 39.3ms | ActiveRecord: 0.1ms)


Started GET "/cars/new" for 127.0.0.1 at 2019-12-27 17:50:18 -0800
Processing by CarsController#new as HTML
  Rendering cars/new.html.erb within layouts/application
  Rendered cars/_form.html.erb (2.7ms)
  Rendered cars/new.html.erb within layouts/application (4.6ms)
Completed 200 OK in 47ms (Views: 45.5ms | ActiveRecord: 0.0ms)


Started POST "/cars" for 127.0.0.1 at 2019-12-27 17:50:26 -0800
Processing by CarsController#create as HTML
  Parameters: {"utf8"=>"✓", "authenticity_token"=>"/pte49bkVS+qXWXfQnMLs2sNKKccXqh2F4i8SqZIr8WmQbGOmoBg2IOx1Mc+aSjsrnvS4KrMULq/FVtCjc0o/A==", "car"=>{"make"=>"Honda", "model"=>"Civic", "year"=>"2018"}, "commit"=>"Create Car"}
  [1m[35m (0.1ms)[0m  [1m[36mbegin transaction[0m
  ↳ app/controllers/cars_controller.rb:30
  [1m[36mCar Create (0.2ms)[0m  [1m[32mINSERT INTO "cars" ("make", "model", "year", "created_at", "updated_at") VALUES (?, ?, ?, ?, ?)[0m  [["make", "Honda"], ["model", "Civic"], ["year", 2018], ["created_at", "2019-12-28 01:50:26.186405"], ["updated_at", "2019-12-28 01:50:26.186405"]]
  ↳ app/controllers/cars_controller.rb:30
  [1m[35m (3.3ms)[0m  [1m[36mcommit transaction[0m
  ↳ app/controllers/cars_controller.rb:30
Redirected to http://localhost:3000/cars/3
Completed 302 Found in 9ms (ActiveRecord: 3.6ms)


Started GET "/cars/3" for 127.0.0.1 at 2019-12-27 17:50:26 -0800
Processing by CarsController#show as HTML
  Parameters: {"id"=>"3"}
  [1m[36mCar Load (0.1ms)[0m  [1m[34mSELECT  "cars".* FROM "cars" WHERE "cars"."id" = ? LIMIT ?[0m  [["id", 3], ["LIMIT", 1]]
  ↳ app/controllers/cars_controller.rb:67
  Rendering cars/show.html.erb within layouts/application
  Rendered cars/show.html.erb within layouts/application (0.9ms)
Completed 200 OK in 25ms (Views: 23.3ms | ActiveRecord: 0.1ms)


Started GET "/cars" for 127.0.0.1 at 2019-12-27 17:50:27 -0800
Processing by CarsController#index as HTML
  Rendering cars/index.html.erb within layouts/application
  [1m[36mCar Load (0.1ms)[0m  [1m[34mSELECT "cars".* FROM "cars"[0m
  ↳ app/views/cars/index.html.erb:16
  Rendered cars/index.html.erb within layouts/application (2.1ms)
Completed 200 OK in 36ms (Views: 34.6ms | ActiveRecord: 0.1ms)


Started DELETE "/cars/3" for 127.0.0.1 at 2019-12-27 17:50:32 -0800
Processing by CarsController#destroy as HTML
  Parameters: {"authenticity_token"=>"ale1hNopvwXSzeoCp+SInPopxwL96EfpduEtPJjzckGUffU5kpeUEwbKHQc6s1UCffs0noZpaDO38w0QHy3O8Q==", "id"=>"3"}
  [1m[36mCar Load (0.2ms)[0m  [1m[34mSELECT  "cars".* FROM "cars" WHERE "cars"."id" = ? LIMIT ?[0m  [["id", 3], ["LIMIT", 1]]
  ↳ app/controllers/cars_controller.rb:67
  [1m[35m (0.0ms)[0m  [1m[36mbegin transaction[0m
  ↳ app/controllers/cars_controller.rb:57
  [1m[36mCar Destroy (0.6ms)[0m  [1m[31mDELETE FROM "cars" WHERE "cars"."id" = ?[0m  [["id", 3]]
  ↳ app/controllers/cars_controller.rb:57
  [1m[35m (2.9ms)[0m  [1m[36mcommit transaction[0m
  ↳ app/controllers/cars_controller.rb:57
Redirected to http://localhost:3000/cars
Completed 302 Found in 9ms (ActiveRecord: 3.8ms)


Started GET "/cars" for 127.0.0.1 at 2019-12-27 17:50:32 -0800
Processing by CarsController#index as HTML
  Rendering cars/index.html.erb within layouts/application
  [1m[36mCar Load (0.2ms)[0m  [1m[34mSELECT "cars".* FROM "cars"[0m
  ↳ app/views/cars/index.html.erb:16
  Rendered cars/index.html.erb within layouts/application (4.4ms)
Completed 200 OK in 44ms (Views: 42.7ms | ActiveRecord: 0.2ms)


